node:internal/modules/cjs/loader:1210
  throw err;
  ^

Error: Cannot find module '@millo/shared'
Require stack:
- /app/packages/database/src/schemas/User.js
- /app/packages/database/src/schemas/index.js
- /app/packages/database/src/index.js
- /app/packages/workers/src/index.js
    at Module._resolveFilename (node:internal/modules/cjs/loader:1207:15)
    at Module._load (node:internal/modules/cjs/loader:1038:27)
    at Module.require (node:internal/modules/cjs/loader:1289:19)
    at require (node:internal/modules/helpers:182:18)
    at Object.<anonymous> (/app/packages/database/src/schemas/User.js:8:58)
    at Module._compile (node:internal/modules/cjs/loader:1521:14)
    at Module._extensions..js (node:internal/modules/cjs/loader:1623:10)
    at Module.load (node:internal/modules/cjs/loader:1266:32)
    at Module._load (node:internal/modules/cjs/loader:1091:12)
    at Module.require (node:internal/modules/cjs/loader:1289:19) {
  code: 'MODULE_NOT_FOUND',
  requireStack: [
    '/app/packages/database/src/schemas/User.js',
    '/app/packages/database/src/schemas/index.js',
    '/app/packages/database/src/index.js',
    '/app/packages/workers/src/index.js'
  ]
}

Node.js v20.20.2
